Determining if the pthread_create exist failed with the following output:
Change Dir: /home/nvidia/iau_ros_legoloam/build/CMakeFiles/CMakeTmp

Run Build Command:"/usr/bin/make" "cmTC_19ccf/fast"
/usr/bin/make -f CMakeFiles/cmTC_19ccf.dir/build.make CMakeFiles/cmTC_19ccf.dir/build
make[1]: Entering directory '/home/nvidia/iau_ros_legoloam/build/CMakeFiles/CMakeTmp'
Building C object CMakeFiles/cmTC_19ccf.dir/CheckSymbolExists.c.o
/usr/bin/cc    -o CMakeFiles/cmTC_19ccf.dir/CheckSymbolExists.c.o   -c /home/nvidia/iau_ros_legoloam/build/CMakeFiles/CMakeTmp/CheckSymbolExists.c
Linking C executable cmTC_19ccf
/usr/bin/cmake -E cmake_link_script CMakeFiles/cmTC_19ccf.dir/link.txt --verbose=1
/usr/bin/cc      -rdynamic CMakeFiles/cmTC_19ccf.dir/CheckSymbolExists.c.o  -o cmTC_19ccf 
CMakeFiles/cmTC_19ccf.dir/CheckSymbolExists.c.o: In function `main':
CheckSymbolExists.c:(.text+0x14): undefined reference to `pthread_create'
CheckSymbolExists.c:(.text+0x18): undefined reference to `pthread_create'
collect2: error: ld returned 1 exit status
CMakeFiles/cmTC_19ccf.dir/build.make:97: recipe for target 'cmTC_19ccf' failed
make[1]: *** [cmTC_19ccf] Error 1
make[1]: Leaving directory '/home/nvidia/iau_ros_legoloam/build/CMakeFiles/CMakeTmp'
Makefile:126: recipe for target 'cmTC_19ccf/fast' failed
make: *** [cmTC_19ccf/fast] Error 2

File /home/nvidia/iau_ros_legoloam/build/CMakeFiles/CMakeTmp/CheckSymbolExists.c:
/* */
#include <pthread.h>

int main(int argc, char** argv)
{
  (void)argv;
#ifndef pthread_create
  return ((int*)(&pthread_create))[argc];
#else
  (void)argc;
  return 0;
#endif
}

Determining if the function pthread_create exists in the pthreads failed with the following output:
Change Dir: /home/nvidia/iau_ros_legoloam/build/CMakeFiles/CMakeTmp

Run Build Command:"/usr/bin/make" "cmTC_7defb/fast"
/usr/bin/make -f CMakeFiles/cmTC_7defb.dir/build.make CMakeFiles/cmTC_7defb.dir/build
make[1]: Entering directory '/home/nvidia/iau_ros_legoloam/build/CMakeFiles/CMakeTmp'
Building C object CMakeFiles/cmTC_7defb.dir/CheckFunctionExists.c.o
/usr/bin/cc   -DCHECK_FUNCTION_EXISTS=pthread_create   -o CMakeFiles/cmTC_7defb.dir/CheckFunctionExists.c.o   -c /usr/share/cmake-3.10/Modules/CheckFunctionExists.c
Linking C executable cmTC_7defb
/usr/bin/cmake -E cmake_link_script CMakeFiles/cmTC_7defb.dir/link.txt --verbose=1
/usr/bin/cc  -DCHECK_FUNCTION_EXISTS=pthread_create    -rdynamic CMakeFiles/cmTC_7defb.dir/CheckFunctionExists.c.o  -o cmTC_7defb -lpthreads 
/usr/bin/ld: cannot find -lpthreads
collect2: error: ld returned 1 exit status
CMakeFiles/cmTC_7defb.dir/build.make:97: recipe for target 'cmTC_7defb' failed
make[1]: *** [cmTC_7defb] Error 1
make[1]: Leaving directory '/home/nvidia/iau_ros_legoloam/build/CMakeFiles/CMakeTmp'
Makefile:126: recipe for target 'cmTC_7defb/fast' failed
make: *** [cmTC_7defb/fast] Error 2


